

times in msec
 clock   self+sourced   self:  sourced script
 clock   elapsed:              other lines

000.062  000.062: --- NVIM STARTING ---
000.165  000.103: event init
000.307  000.141: early init
000.367  000.060: locale set
000.419  000.052: init first window
000.817  000.398: inits 1
000.834  000.017: window checked
000.888  000.055: parsing arguments
002.108  000.080  000.080: require('vim.shared')
002.316  000.081  000.081: require('vim._meta')
002.319  000.208  000.127: require('vim._editor')
002.321  000.337  000.049: require('vim._init_packages')
002.323  001.098: init lua interpreter
002.463  000.139: expanding arguments
002.532  000.069: inits 2
002.944  000.412: init highlight
002.945  000.001: waiting for UI
003.261  000.316: done waiting for UI
003.293  000.032: clear screen
003.516  000.223: init default mappings & autocommands
003.866  000.040  000.040: sourcing /home/met/.local/bin/nvim-linux64/share/nvim/runtime/ftplugin.vim
003.967  000.078  000.078: sourcing /home/met/.local/bin/nvim-linux64/share/nvim/runtime/indent.vim
004.743  000.534  000.534: require('lazy')
004.772  000.015  000.015: require('ffi')
004.812  000.038  000.038: require('vim.loader')
004.905  000.069  000.069: require('vim.fs')
005.103  000.277  000.208: require('lazy.stats')
005.292  000.164  000.164: require('lazy.core.util')
005.497  000.204  000.204: require('lazy.core.config')
005.603  000.046  000.046: require('lazy.core.handler')
005.660  000.057  000.057: require('lazy.core.plugin')
005.665  000.166  000.064: require('lazy.core.loader')
006.100  000.045  000.045: require('plugins.autopairs')
006.163  000.052  000.052: require('plugins.bufferline')
006.211  000.041  000.041: require('plugins.cmp')
006.267  000.044  000.044: require('plugins.colorscheme')
006.338  000.044  000.044: require('plugins.comment')
006.372  000.027  000.027: require('plugins.commentstring')
006.427  000.050  000.050: require('plugins.flash')
006.482  000.048  000.048: require('plugins.gitsigns')
006.573  000.081  000.081: require('plugins.illuminate')
006.759  000.096  000.096: require('plugins.indent_blankline')
006.956  000.188  000.188: require('plugins.lsp')
007.132  000.148  000.148: require('plugins.lsp-zero')
007.271  000.085  000.085: require('plugins.lualine')
007.332  000.052  000.052: require('plugins.mason')
007.450  000.110  000.110: require('plugins.neogit')
007.578  000.117  000.117: require('plugins.noice')
007.664  000.049  000.049: require('plugins.nvim-tree')
007.694  000.022  000.022: require('plugins.pep8')
007.750  000.051  000.051: require('plugins.telescope')
007.797  000.036  000.036: require('plugins.tmux')
007.831  000.030  000.030: require('plugins.toggleterm')
007.871  000.034  000.034: require('plugins.treesitter')
007.937  000.052  000.052: require('plugins.treesj')
008.211  000.055  000.055: require('plugins.ufo')
008.389  000.050  000.050: require('plugins.whichkey')
008.621  000.046  000.046: require('lazy.core.handler.keys')
008.652  000.029  000.029: require('lazy.core.handler.event')
008.674  000.020  000.020: require('lazy.core.handler.cmd')
008.691  000.016  000.016: require('lazy.core.handler.ft')
008.793  000.021  000.021: require('vim.inspect')
009.030  000.133  000.133: sourcing /home/met/.local/bin/nvim-linux64/share/nvim/runtime/filetype.lua
009.830  000.082  000.082: require('darkplus.palette')
009.833  000.220  000.139: require('darkplus.theme')
009.835  000.361  000.141: require('darkplus')
010.687  001.232  000.871: sourcing /home/met/.local/share/nvim/lazy/darkplus.nvim/colors/darkplus.vim
011.364  000.148  000.148: require('bufferline.lazy')
011.415  000.039  000.039: require('bufferline.commands')
011.544  000.125  000.125: require('bufferline.config')
011.548  000.632  000.319: require('bufferline')
011.619  000.070  000.070: require('bufferline.utils')
011.687  000.066  000.066: require('vim.version')
013.292  000.233  000.233: require('bufferline.groups')
013.355  000.047  000.047: require('bufferline.constants')
013.447  000.088  000.088: require('bufferline.colors')
014.039  000.088  000.088: require('bufferline.highlights')
014.242  000.007  000.007: require('vim.F')
014.978  000.008  000.008: require('vim.keymap')
016.026  001.141  001.134: require('bufferline.hover')
016.324  000.176  000.176: require('bufferline.ui')
016.588  000.027  000.027: sourcing /home/met/.local/share/nvim/lazy/plenary.nvim/plugin/plenary.vim
017.052  000.408  000.408: sourcing /home/met/.local/share/nvim/lazy/telescope.nvim/plugin/telescope.lua
018.161  000.042  000.042: require('plenary.bit')
018.215  000.051  000.051: require('plenary.functional')
018.246  000.200  000.107: require('plenary.path')
018.254  000.237  000.037: require('plenary.strings')
018.286  000.031  000.031: require('telescope.deprecated')
018.567  000.168  000.168: require('plenary.log')
018.580  000.226  000.058: require('telescope.log')
018.735  000.049  000.049: require('plenary.job')
018.762  000.025  000.025: require('telescope.state')
018.767  000.186  000.112: require('telescope.utils')
018.771  000.484  000.072: require('telescope.sorters')
020.414  002.697  001.945: require('telescope.config')
020.642  000.108  000.108: require('plenary.window.border')
020.714  000.068  000.068: require('plenary.window')
020.768  000.052  000.052: require('plenary.popup.utils')
020.771  000.353  000.126: require('plenary.popup')
020.823  000.051  000.051: require('telescope.pickers.scroller')
020.896  000.071  000.071: require('telescope.actions.state')
021.048  000.150  000.150: require('telescope.actions.utils')
021.800  000.231  000.231: require('telescope.actions.mt')
021.861  000.811  000.579: require('telescope.actions.set')
022.116  000.168  000.168: require('telescope.config.resolve')
022.122  000.260  000.092: require('telescope.pickers.entry_display')
022.269  000.145  000.145: require('telescope.from_entry')
022.929  005.816  001.278: require('telescope.actions')
024.427  000.748  000.748: require('ufo')
024.610  000.038  000.038: require('ufo.lib.disposable')
024.686  000.073  000.073: require('ufo.lib.log')
024.688  000.186  000.075: require('ufo.lib.event')
024.796  000.107  000.107: require('ufo.utils')
024.980  000.047  000.047: require('promise-async.utils')
025.134  000.153  000.153: require('promise-async.error')
025.259  000.116  000.116: require('promise-async.loop')
025.280  000.419  000.103: require('promise')
025.282  000.483  000.065: require('ufo.provider')
025.751  000.336  000.336: require('ufo.config')
025.921  000.066  000.066: require('promise-async.compat')
025.924  000.170  000.104: require('async')
026.032  000.039  000.039: require('ufo.model.buffer')
026.055  000.022  000.022: require('ufo.model.foldedline')
026.058  000.104  000.043: require('ufo.model.foldbuffer')
026.081  000.021  000.021: require('ufo.bufmanager')
026.133  000.032  000.032: require('ufo.wffi')
026.134  000.052  000.020: require('ufo.fold.driver')
026.135  000.210  000.032: require('ufo.fold.manager')
026.159  000.020  000.020: require('ufo.lib.debounce')
026.190  000.907  000.170: require('ufo.fold')
026.271  000.024  000.024: require('ufo.model.window')
026.329  000.026  000.026: require('ufo.highlight')
026.350  000.021  000.021: require('ufo.render.extmark')
026.551  000.021  000.021: require('vim.treesitter.language')
026.556  000.052  000.031: require('vim.treesitter.query')
026.579  000.022  000.022: require('vim.treesitter._range')
026.583  000.111  000.036: require('vim.treesitter.languagetree')
026.586  000.142  000.031: require('vim.treesitter')
026.595  000.212  000.069: require('vim.treesitter.highlighter')
026.596  000.245  000.033: require('ufo.render.treesitter')
026.615  000.018  000.018: require('ufo.render.match')
026.617  000.345  000.035: require('ufo.render')
026.619  000.428  000.060: require('ufo.decorator')
026.773  000.125  000.125: require('ufo.preview.floatwin')
026.795  000.020  000.020: require('ufo.preview.scrollbar')
026.812  000.017  000.017: require('ufo.preview.winbar')
026.835  000.022  000.022: require('ufo.preview.keymap')
026.839  000.219  000.034: require('ufo.preview')
026.841  002.410  000.080: require('ufo.main')
027.900  000.023  000.023: require('nvim-treesitter.compat')
028.519  000.548  000.548: require('nvim-treesitter.parsers')
028.571  000.050  000.050: require('nvim-treesitter.utils')
028.579  000.633  000.035: require('nvim-treesitter.ts_utils')
028.582  000.658  000.025: require('nvim-treesitter.tsrange')
028.611  000.028  000.028: require('nvim-treesitter.caching')
028.618  000.769  000.061: require('nvim-treesitter.query')
028.620  001.012  000.243: require('rainbow')
028.939  000.108  000.108: require('nvim-treesitter.configs')
028.943  000.220  000.112: require('nvim-treesitter.info')
029.002  000.057  000.057: require('nvim-treesitter.shell_command_selectors')
029.033  000.390  000.113: require('nvim-treesitter.install')
029.083  000.049  000.049: require('nvim-treesitter.statusline')
029.128  000.044  000.044: require('nvim-treesitter.query_predicates')
029.131  000.510  000.027: require('nvim-treesitter')
029.142  001.541  000.018: sourcing /home/met/.local/share/nvim/lazy/nvim-ts-rainbow/plugin/rainbow.vim
029.710  000.063  000.063: require('nvim-ts-autotag._log')
029.752  000.039  000.039: require('nvim-ts-autotag.utils')
029.767  000.202  000.100: require('nvim-ts-autotag.internal')
029.769  000.426  000.223: require('nvim-ts-autotag')
029.773  000.446  000.020: sourcing /home/met/.local/share/nvim/lazy/nvim-ts-autotag/plugin/nvim-ts-autotag.vim
030.358  000.510  000.510: sourcing /home/met/.local/share/nvim/lazy/nvim-treesitter/plugin/nvim-treesitter.lua
030.380  003.184  000.687: require('nvim-treesitter')
030.582  000.042  000.042: require('illuminate.util')
030.621  000.036  000.036: require('illuminate.config')
030.655  000.033  000.033: require('illuminate.reference')
030.658  000.165  000.053: require('illuminate.highlight')
030.666  000.256  000.092: require('illuminate.engine')
030.757  000.075  000.075: require('illuminate')
030.918  003.784  000.269: sourcing /home/met/.local/share/nvim/lazy/vim-illuminate/plugin/illuminate.vim
031.534  000.093  000.093: require('ibl.utils')
031.543  000.160  000.067: require('ibl.config')
031.852  000.166  000.166: require('ibl.indent')
031.884  000.340  000.175: require('ibl.hooks')
031.891  000.585  000.085: require('ibl.highlights')
032.221  000.329  000.329: require('ibl.autocmds')
032.482  000.258  000.258: require('ibl.inlay_hints')
032.642  000.157  000.157: require('ibl.virt_text')
033.211  000.415  000.415: require('ibl.scope_languages')
033.214  000.570  000.155: require('ibl.scope')
033.218  002.124  000.225: require('ibl')
033.440  000.042  000.042: require('vim.lsp.log')
033.723  000.281  000.281: require('vim.lsp.protocol')
033.909  000.069  000.069: require('vim.lsp._snippet')
034.165  000.254  000.254: require('vim.highlight')
034.176  000.451  000.127: require('vim.lsp.util')
034.188  000.836  000.062: require('vim.lsp.handlers')
034.243  000.054  000.054: require('vim.lsp.rpc')
034.279  000.034  000.034: require('vim.lsp.sync')
034.314  000.035  000.035: require('vim.lsp.semantic_tokens')
034.353  000.037  000.037: require('vim.lsp.buf')
034.376  000.022  000.022: require('vim.lsp.diagnostic')
034.402  000.024  000.024: require('vim.lsp.codelens')
034.427  001.203  000.160: require('vim.lsp')
035.273  000.036  000.036: sourcing /home/met/.local/share/nvim/lazy/nvim-web-devicons/plugin/nvim-web-devicons.vim
035.760  000.020  000.020: require('nvim-tree.notify')
035.764  000.047  000.027: require('nvim-tree.events')
035.880  000.021  000.021: require('nvim-tree.log')
035.934  000.018  000.018: require('nvim-tree.iterators.node-iterator')
035.955  000.073  000.055: require('nvim-tree.utils')
035.978  000.023  000.023: require('nvim-tree.git.utils')
036.023  000.044  000.044: require('nvim-tree.git.runner')
036.050  000.026  000.026: require('nvim-tree.watcher')
036.078  000.027  000.027: require('nvim-tree.explorer.node')
036.081  000.289  000.075: require('nvim-tree.git')
036.101  000.019  000.019: require('nvim-tree.explorer.watch')
036.135  000.017  000.017: require('nvim-tree.explorer.node-builders')
036.154  000.018  000.018: require('nvim-tree.explorer.sorters')
036.229  000.037  000.037: require('nvim-tree.marks')
036.231  000.058  000.021: require('nvim-tree.explorer.filters')
036.348  000.082  000.082: require('nvim-tree.view')
036.352  000.120  000.038: require('nvim-tree.live-filter')
036.354  000.252  000.039: require('nvim-tree.explorer.explore')
036.390  000.035  000.035: require('nvim-tree.explorer.reload')
036.391  000.627  000.031: require('nvim-tree.explorer')
036.393  000.692  000.019: require('nvim-tree.core')
036.439  000.021  000.021: require('nvim-tree.modified')
036.440  000.046  000.026: require('nvim-tree.renderer.components.modified')
036.466  000.025  000.025: require('nvim-tree.renderer.components.padding')
036.503  000.037  000.037: require('nvim-tree.renderer.components.icons')
036.536  000.031  000.031: require('nvim-tree.renderer.components.full-name')
036.571  000.035  000.035: require('nvim-tree.renderer.components.git')
036.613  000.018  000.018: require('nvim-tree.enum')
036.643  000.029  000.029: require('nvim-tree.diagnostics')
036.645  000.073  000.025: require('nvim-tree.renderer.components.diagnostics')
036.767  000.027  000.027: require('nvim-tree.renderer.components.bookmarks')
036.773  000.127  000.100: require('nvim-tree.renderer.builder')
036.776  001.101  000.035: require('nvim-tree.renderer')
036.781  001.133  000.032: require('nvim-tree.lib')
036.820  000.039  000.039: require('nvim-tree.colors')
036.984  000.023  000.023: require('nvim-tree.actions.finders.find-file')
037.008  000.023  000.023: require('nvim-tree.actions.finders.search-node')
037.009  000.070  000.024: require('nvim-tree.actions.finders')
037.099  000.023  000.023: require('nvim-tree.actions.reloaders')
037.103  000.072  000.049: require('nvim-tree.actions.fs.copy-paste')
037.130  000.026  000.026: require('nvim-tree.actions.fs.create-file')
037.195  000.058  000.058: require('nvim-tree.actions.fs.remove-file')
037.224  000.027  000.027: require('nvim-tree.actions.fs.rename-file')
037.252  000.027  000.027: require('nvim-tree.actions.fs.trash')
037.254  000.244  000.035: require('nvim-tree.actions.fs')
037.426  000.091  000.091: require('nvim-tree.actions.moves.item')
037.492  000.065  000.065: require('nvim-tree.actions.moves.parent')
037.654  000.160  000.160: require('nvim-tree.actions.moves.sibling')
037.656  000.401  000.085: require('nvim-tree.actions.moves')
037.778  000.038  000.038: require('nvim-tree.actions.node.file-popup')
037.892  000.113  000.113: require('nvim-tree.actions.node.open-file')
037.937  000.043  000.043: require('nvim-tree.actions.node.run-command')
037.983  000.046  000.046: require('nvim-tree.actions.node.system-open')
037.985  000.328  000.087: require('nvim-tree.actions.node')
038.081  000.053  000.053: require('nvim-tree.actions.root.change-dir')
038.155  000.072  000.072: require('nvim-tree.actions.root.dir-up')
038.156  000.169  000.044: require('nvim-tree.actions.root')
038.258  000.053  000.053: require('nvim-tree.actions.tree.find-file')
038.386  000.067  000.067: require('nvim-tree.actions.tree.modifiers.collapse-all')
038.456  000.069  000.069: require('nvim-tree.actions.tree.modifiers.expand-all')
038.498  000.042  000.042: require('nvim-tree.actions.tree.modifiers.toggles')
038.500  000.241  000.063: require('nvim-tree.actions.tree.modifiers')
038.567  000.067  000.067: require('nvim-tree.actions.tree.open')
038.613  000.044  000.044: require('nvim-tree.actions.tree.toggle')
038.615  000.459  000.055: require('nvim-tree.actions.tree')
038.617  001.702  000.030: require('nvim-tree.actions')
039.155  000.337  000.337: require('nvim-tree.keymap')
039.173  000.553  000.216: require('nvim-tree.help')
039.273  000.098  000.098: require('nvim-tree.marks.navigation')
039.352  000.076  000.076: require('nvim-tree.marks.bulk-delete')
039.445  000.090  000.090: require('nvim-tree.marks.bulk-trash')
039.554  000.106  000.106: require('nvim-tree.marks.bulk-move')
039.626  002.760  000.134: require('nvim-tree.api')
039.638  002.817  000.057: require('nvim-tree.commands')
039.726  000.086  000.086: require('nvim-tree.legacy')
040.169  000.407  000.407: require('vim.diagnostic')
040.198  004.861  000.380: require('nvim-tree')
041.461  000.417  000.417: require('nvim-web-devicons.icons-default')
041.637  000.738  000.321: require('nvim-web-devicons')
044.734  000.233  000.233: require('mason-core.path')
045.403  000.506  000.506: require('mason-core.functional')
045.769  000.135  000.135: require('mason-core.functional.data')
045.783  000.351  000.216: require('mason-core.functional.function')
045.873  000.075  000.075: require('mason-core.functional.relation')
045.990  000.098  000.098: require('mason-core.functional.logic')
046.056  001.318  000.288: require('mason-core.platform')
046.191  000.133  000.133: require('mason.settings')
046.193  002.271  000.586: require('mason')
046.466  000.043  000.043: require('mason-core.functional.list')
046.496  000.027  000.027: require('mason-core.functional.string')
046.513  000.206  000.136: require('mason.api.command')
046.548  000.030  000.030: require('mason-registry.sources')
047.132  000.023  000.023: require('treesj.langs.default_preset')
047.466  000.384  000.360: require('treesj.langs.utils')
047.666  000.611  000.227: require('treesj.langs.javascript')
047.875  000.206  000.206: require('treesj.langs.typescript')
047.977  000.100  000.100: require('treesj.langs.lua')
048.063  000.084  000.084: require('treesj.langs.html')
048.096  000.031  000.031: require('treesj.langs.json')
048.138  000.041  000.041: require('treesj.langs.jsonc')
048.159  000.019  000.019: require('treesj.langs.json5')
048.191  000.031  000.031: require('treesj.langs.vue')
048.242  000.050  000.050: require('treesj.langs.css')
048.287  000.026  000.026: require('treesj.langs.scss')
048.315  000.026  000.026: require('treesj.langs.tsx')
048.490  000.174  000.174: require('treesj.langs.perl')
048.531  000.038  000.038: require('treesj.langs.php')
048.601  000.026  000.026: require('treesj.utils')
048.721  000.190  000.164: require('treesj.langs.ruby')
048.844  000.121  000.121: require('treesj.langs.go')
048.886  000.039  000.039: require('treesj.langs.java')
048.910  000.023  000.023: require('treesj.langs.pug')
048.937  000.024  000.024: require('treesj.langs.svelte')
049.022  000.085  000.085: require('treesj.langs.rust')
049.120  000.096  000.096: require('treesj.langs.python')
049.160  000.038  000.038: require('treesj.langs.starlark')
049.197  000.036  000.036: require('treesj.langs.r')
049.276  000.057  000.057: require('treesj.langs.c')
049.283  000.085  000.028: require('treesj.langs.cpp')
049.311  000.027  000.027: require('treesj.langs.toml')
049.337  000.025  000.025: require('treesj.langs.yaml')
049.378  000.040  000.040: require('treesj.langs.nix')
049.412  000.033  000.033: require('treesj.langs.kotlin')
049.469  000.056  000.056: require('treesj.langs.bash')
049.500  000.029  000.029: require('treesj.langs.sql')
049.539  000.038  000.038: require('treesj.langs.dart')
049.540  002.507  000.088: require('treesj.langs')
055.155  008.148  005.640: require('treesj.settings')
055.160  008.563  000.416: require('treesj')
065.470  000.034  000.034: require('lualine_require')
065.737  000.624  000.590: require('lualine')
071.603  000.262  000.262: require('lualine.utils.mode')
074.146  000.098  000.098: sourcing /home/met/.local/bin/nvim-linux64/share/nvim/runtime/plugin/editorconfig.lua
074.361  000.165  000.165: sourcing /home/met/.local/bin/nvim-linux64/share/nvim/runtime/plugin/gzip.vim
074.391  000.007  000.007: sourcing /home/met/.local/bin/nvim-linux64/share/nvim/runtime/plugin/health.vim
074.497  000.089  000.089: sourcing /home/met/.local/bin/nvim-linux64/share/nvim/runtime/plugin/man.lua
075.154  000.338  000.338: sourcing /home/met/.local/bin/nvim-linux64/share/nvim/runtime/pack/dist/opt/matchit/plugin/matchit.vim
075.239  000.721  000.382: sourcing /home/met/.local/bin/nvim-linux64/share/nvim/runtime/plugin/matchit.vim
075.381  000.118  000.118: sourcing /home/met/.local/bin/nvim-linux64/share/nvim/runtime/plugin/matchparen.vim
075.696  000.295  000.295: sourcing /home/met/.local/bin/nvim-linux64/share/nvim/runtime/plugin/netrwPlugin.vim
075.841  000.082  000.082: sourcing /home/met/.local/bin/nvim-linux64/share/nvim/runtime/plugin/nvim.lua
075.995  000.006  000.006: sourcing /home/met/.local/share/nvim/rplugin.vim
076.003  000.128  000.122: sourcing /home/met/.local/bin/nvim-linux64/share/nvim/runtime/plugin/rplugin.vim
076.087  000.061  000.061: sourcing /home/met/.local/bin/nvim-linux64/share/nvim/runtime/plugin/shada.vim
076.145  000.018  000.018: sourcing /home/met/.local/bin/nvim-linux64/share/nvim/runtime/plugin/spellfile.vim
076.278  000.107  000.107: sourcing /home/met/.local/bin/nvim-linux64/share/nvim/runtime/plugin/tarPlugin.vim
076.380  000.067  000.067: sourcing /home/met/.local/bin/nvim-linux64/share/nvim/runtime/plugin/tohtml.vim
076.419  000.013  000.013: sourcing /home/met/.local/bin/nvim-linux64/share/nvim/runtime/plugin/tutor.vim
076.574  000.134  000.134: sourcing /home/met/.local/bin/nvim-linux64/share/nvim/runtime/plugin/zipPlugin.vim
076.860  000.080  000.080: sourcing /home/met/.local/share/nvim/lazy/indent-blankline.nvim/after/plugin/commands.lua
077.596  000.642  000.642: require('core.options')
077.768  000.169  000.169: require('core.keymaps')
077.771  073.746  029.588: sourcing /home/met/.config/nvim/init.lua
077.777  000.396: sourcing vimrc file(s)
078.071  000.058  000.058: sourcing /home/met/.local/bin/nvim-linux64/share/nvim/runtime/filetype.lua
078.249  000.054  000.054: sourcing /home/met/.local/bin/nvim-linux64/share/nvim/runtime/syntax/synload.vim
078.303  000.190  000.136: sourcing /home/met/.local/bin/nvim-linux64/share/nvim/runtime/syntax/syntax.vim
078.312  000.287: inits 3
079.950  001.639: reading ShaDa
080.779  000.042  000.042: require('cmp_nvim_lsp.source')
080.783  000.324  000.282: require('cmp_nvim_lsp')
080.794  000.390  000.066: sourcing /home/met/.local/share/nvim/lazy/cmp-nvim-lsp/after/plugin/cmp_nvim_lsp.lua
081.101  000.169  000.169: sourcing /home/met/.local/share/nvim/lazy/nvim-lspconfig/plugin/lspconfig.lua
083.083  000.913  000.913: require('vim.filetype')
083.672  000.028  000.028: require('luasnip.util.types')
083.677  000.067  000.039: require('luasnip.util.ext_opts')
083.798  000.022  000.022: require('luasnip.util.lazy_table')
083.824  000.025  000.025: require('luasnip.extras.filetype_functions')
083.836  000.123  000.076: require('luasnip.default_config')
083.837  000.160  000.037: require('luasnip.session')
083.839  000.597  000.370: require('luasnip.config')
083.979  000.049  000.049: require('luasnip.util.util')
084.044  000.022  000.022: require('luasnip.nodes.key_indexer')
084.047  000.066  000.045: require('luasnip.nodes.util')
084.110  000.026  000.026: require('luasnip.session.snippet_collection.source')
084.131  000.020  000.020: require('luasnip.util.table')
084.151  000.019  000.019: require('luasnip.util.auto_table')
084.156  000.108  000.043: require('luasnip.session.snippet_collection')
084.266  000.047  000.047: require('luasnip.util.select')
084.289  000.022  000.022: require('luasnip.util.time')
084.573  000.391  000.321: require('luasnip.util._builtin_vars')
084.695  000.539  000.148: require('luasnip.util.environ')
084.729  000.032  000.032: require('luasnip.util.extend_decorator')
084.815  000.047  000.047: require('luasnip.util.path')
084.893  000.046  000.046: require('luasnip.util.log')
084.896  000.081  000.035: require('luasnip.loaders.util')
084.919  000.022  000.022: require('luasnip.loaders.data')
084.987  000.067  000.067: require('luasnip.loaders.fs_watchers')
084.989  000.259  000.042: require('luasnip.loaders')
085.010  001.165  000.112: require('luasnip')
085.023  002.915  000.241: sourcing /home/met/.local/share/nvim/lazy/LuaSnip/plugin/luasnip.lua
085.078  000.018  000.018: sourcing /home/met/.local/share/nvim/lazy/LuaSnip/plugin/luasnip.vim
085.240  000.066  000.066: require('cmp.utils.api')
085.321  000.025  000.025: require('cmp.types.cmp')
085.380  000.028  000.028: require('cmp.utils.misc')
085.425  000.103  000.075: require('cmp.types.lsp')
085.450  000.023  000.023: require('cmp.types.vim')
085.451  000.210  000.059: require('cmp.types')
085.500  000.036  000.036: require('cmp.utils.highlight')
085.541  000.019  000.019: require('cmp.utils.debug')
085.550  000.048  000.029: require('cmp.utils.autocmd')
085.790  000.665  000.305: sourcing /home/met/.local/share/nvim/lazy/nvim-cmp/plugin/cmp.lua
085.927  000.074  000.074: require('lsp-zero.setup')
085.968  000.038  000.038: require('lsp-zero.api')
085.970  000.162  000.049: require('lsp-zero')
085.996  000.025  000.025: require('lsp-zero.cmp')
086.188  000.062  000.062: require('cmp.utils.char')
086.193  000.090  000.028: require('cmp.utils.str')
086.294  000.017  000.017: require('cmp.utils.buffer')
086.297  000.055  000.038: require('cmp.utils.keymap')
086.299  000.105  000.050: require('cmp.utils.feedkeys')
086.405  000.038  000.038: require('cmp.config.mapping')
086.433  000.027  000.027: require('cmp.utils.cache')
086.491  000.030  000.030: require('cmp.config.compare')
086.492  000.058  000.028: require('cmp.config.default')
086.501  000.166  000.044: require('cmp.config')
086.508  000.208  000.041: require('cmp.utils.async')
086.547  000.018  000.018: require('cmp.utils.pattern')
086.549  000.040  000.023: require('cmp.context')
086.677  000.022  000.022: require('cmp.matcher')
086.681  000.077  000.054: require('cmp.entry')
086.684  000.135  000.058: require('cmp.source')
086.735  000.016  000.016: require('cmp.utils.event')
086.826  000.017  000.017: require('cmp.utils.options')
086.828  000.070  000.053: require('cmp.utils.window')
086.829  000.094  000.024: require('cmp.view.docs_view')
086.884  000.055  000.055: require('cmp.view.custom_entries_view')
086.919  000.034  000.034: require('cmp.view.wildmenu_entries_view')
086.948  000.027  000.027: require('cmp.view.native_entries_view')
087.000  000.052  000.052: require('cmp.view.ghost_text_view')
087.006  000.321  000.044: require('cmp.view')
087.484  001.441  000.542: require('cmp.core')
087.946  000.272  000.272: require('cmp.config.sources')
088.159  000.203  000.203: require('cmp.config.window')
088.329  002.330  000.415: require('cmp')
090.408  001.197  001.197: require('luasnip.session.enqueueable_operations')
090.658  000.240  000.240: require('luasnip.util.jsonc')
091.058  000.046  000.046: require('luasnip.util.events')
091.068  000.108  000.062: require('luasnip.nodes.node')
091.230  000.161  000.161: require('luasnip.nodes.insertNode')
091.289  000.058  000.058: require('luasnip.nodes.textNode')
091.378  000.087  000.087: require('luasnip.util.mark')
091.430  000.051  000.051: require('luasnip.util.pattern_tokenizer')
091.478  000.046  000.046: require('luasnip.util.dict')
092.521  000.944  000.944: require('luasnip.util.jsregexp')
092.534  001.041  000.097: require('luasnip.nodes.util.trig_engines')
092.585  001.844  000.291: require('luasnip.nodes.snippet')
092.595  001.884  000.040: require('luasnip.nodes.duplicate')
092.597  001.935  000.051: require('luasnip.loaders.snippet_cache')
092.607  003.503  000.131: require('luasnip/loaders/from_vscode')
095.849  000.156  000.156: require('cmp_buffer.timer')
095.860  000.355  000.199: require('cmp_buffer.buffer')
095.866  000.466  000.111: require('cmp_buffer.source')
095.868  001.090  000.623: require('cmp_buffer')
095.909  001.271  000.181: sourcing /home/met/.local/share/nvim/lazy/cmp-buffer/after/plugin/cmp_buffer.lua
096.734  000.545  000.545: require('cmp_path')
096.765  000.626  000.080: sourcing /home/met/.local/share/nvim/lazy/cmp-path/after/plugin/cmp_path.lua
097.771  000.761  000.761: require('cmp_cmdline')
097.815  000.846  000.085: sourcing /home/met/.local/share/nvim/lazy/cmp-cmdline/after/plugin/cmp_cmdline.lua
098.786  000.680  000.680: require('cmp_luasnip')
099.002  000.946  000.266: sourcing /home/met/.local/share/nvim/lazy/cmp_luasnip/after/plugin/cmp_luasnip.lua
099.964  000.459  000.459: require('cmp_nvim_lua')
100.035  000.598  000.140: sourcing /home/met/.local/share/nvim/lazy/cmp-nvim-lua/after/plugin/cmp_nvim_lua.lua
100.544  000.060  000.060: sourcing /home/met/.local/share/nvim/lazy/lsp-zero.nvim/plugin/lsp-zero.lua
100.585  019.466  005.502: require('lsp-zero')
100.803  000.185  000.185: require('lsp-zero.server')
101.177  000.284  000.284: require('lspconfig.util')
101.248  000.068  000.068: require('lspconfig.async')
101.251  000.445  000.093: require('lspconfig.configs')
101.522  000.140  000.140: require('mason-core.log')
101.639  000.115  000.115: require('mason-lspconfig.settings')
101.645  000.348  000.093: require('mason-lspconfig')
101.805  000.061  000.061: require('mason-lspconfig.notify')
101.810  000.125  000.064: require('mason-lspconfig.lspconfig_hook')
102.066  000.113  000.113: require('mason-core.functional.table')
102.127  000.316  000.203: require('mason-lspconfig.mappings.server')
102.270  000.061  000.061: require('mason-core.EventEmitter')
102.329  000.058  000.058: require('mason-core.optional')
102.520  000.131  000.131: require('mason-core.async')
102.575  000.052  000.052: require('mason-core.async.uv')
102.583  000.253  000.071: require('mason-core.fs')
102.611  000.482  000.110: require('mason-registry')
102.664  000.049  000.049: require('mason-lspconfig.server_config_extensions')
102.734  000.069  000.069: require('lspconfig.server_configurations.omnisharp')
103.248  000.061  000.061: require('mason-core.functional.number')
103.279  000.176  000.115: require('mason-lspconfig.api.command')
103.496  000.056  000.056: require('lspconfig')
103.631  000.131  000.131: require('lspconfig.server_configurations.rust_analyzer')
105.495  000.189  000.189: require('lspconfig.manager')
105.708  000.089  000.089: require('lspconfig.server_configurations.lua_ls')
108.376  000.463  000.463: require('vim.filetype.detect')
109.703  000.124  000.124: require('editorconfig')
110.417  000.108  000.108: require('luasnip.util.directed_graph')
110.429  000.240  000.132: require('luasnip.loaders.from_lua')
110.555  000.123  000.123: require('luasnip.loaders.from_snipmate')
110.647  000.089  000.089: require('luasnip.loaders.from_vscode')
110.682  007.008: opening buffers
110.750  000.056  000.056: require('bufferline.state')
112.812  002.075: BufEnter autocommands
112.819  000.007: editing files in windows
113.146  000.263  000.263: require('illuminate.providers.lsp')
115.723  001.201  001.201: require('nvim-treesitter.locals')
115.728  002.569  001.368: require('illuminate.providers.treesitter')
116.046  000.315  000.315: require('illuminate.providers.regex')
116.258  000.292: VimEnter autocommands
116.341  000.083: UIEnter autocommands
125.487  008.959  008.959: sourcing /home/met/.local/bin/nvim-linux64/share/nvim/runtime/autoload/provider/clipboard.vim
125.512  000.212: before starting main loop
127.535  000.489  000.489: require('bufferline.pick')
127.889  000.352  000.352: require('bufferline.duplicates')
128.417  000.526  000.526: require('bufferline.diagnostics')
128.922  000.502  000.502: require('bufferline.models')
128.934  002.970  001.103: require('bufferline.buffers')
129.697  000.294  000.294: require('bufferline.numbers')
130.245  000.377  000.377: require('bufferline.sorters')
130.842  000.527  000.527: require('bufferline.tabpages')
131.449  000.474  000.474: require('bufferline.offset')
131.917  000.428  000.428: require('bufferline.custom_area')
133.398  002.815: first screen update
133.434  000.035: --- NVIM STARTED ---


times in msec
 clock   self+sourced   self:  sourced script
 clock   elapsed:              other lines

000.007  000.007: --- NVIM STARTING ---
000.077  000.070: event init
000.186  000.108: early init
000.232  000.046: locale set
000.301  000.069: init first window
000.538  000.237: inits 1
000.543  000.006: window checked
000.586  000.043: parsing arguments
000.971  000.056  000.056: require('vim.shared')
001.081  000.035  000.035: require('vim._meta')
001.083  000.109  000.074: require('vim._editor')
001.084  000.202  000.037: require('vim._init_packages')
001.086  000.297: init lua interpreter
001.985  000.899: expanding arguments
002.186  000.201: inits 2
002.537  000.351: init highlight
