

times in msec
 clock   self+sourced   self:  sourced script
 clock   elapsed:              other lines

000.007  000.007: --- NVIM STARTING ---
000.076  000.069: event init
000.166  000.090: early init
000.197  000.031: locale set
000.238  000.041: init first window
000.402  000.164: inits 1
000.411  000.009: window checked
000.443  000.032: parsing arguments
000.793  000.061  000.061: require('vim.shared')
000.907  000.048  000.048: require('vim._meta')
000.909  000.114  000.066: require('vim._editor')
000.910  000.200  000.025: require('vim._init_packages')
000.918  000.274: init lua interpreter
000.979  000.062: expanding arguments
001.011  000.032: inits 2
001.251  000.240: init highlight
001.253  000.001: waiting for UI
001.428  000.175: done waiting for UI
001.436  000.008: clear screen
001.594  000.158: init default mappings & autocommands
001.958  000.043  000.043: sourcing /home/met/.local/bin/nvim-linux64/share/nvim/runtime/ftplugin.vim
001.993  000.017  000.017: sourcing /home/met/.local/bin/nvim-linux64/share/nvim/runtime/indent.vim
002.312  000.259  000.259: require('met.options')
002.910  000.250  000.250: require('lazy')
002.934  000.015  000.015: require('ffi')
002.998  000.062  000.062: require('vim.loader')
003.067  000.036  000.036: require('vim.fs')
003.208  000.192  000.156: require('lazy.stats')
003.343  000.116  000.116: require('lazy.core.util')
003.435  000.091  000.091: require('lazy.core.config')
003.555  000.047  000.047: require('lazy.core.handler')
003.652  000.096  000.096: require('lazy.core.plugin')
003.658  000.221  000.079: require('lazy.core.loader')
004.742  000.130  000.130: require('lazy.core.handler.keys')
004.842  000.095  000.095: require('lazy.core.handler.cmd')
004.959  000.114  000.114: require('lazy.core.handler.event')
005.021  000.058  000.058: require('lazy.core.handler.ft')
005.433  000.140  000.140: sourcing /home/met/.local/bin/nvim-linux64/share/nvim/runtime/filetype.lua
005.811  000.133  000.133: sourcing /home/met/.local/share/nvim/lazy/nvim-dap/plugin/dap.lua
006.127  000.004  000.004: require('vim.keymap')
006.582  000.047  000.047: require('Comment.config')
006.842  000.096  000.096: require('Comment.ft')
006.846  000.262  000.166: require('Comment.utils')
006.890  000.042  000.042: require('Comment.opfunc')
006.915  000.024  000.024: require('Comment.extra')
006.917  000.788  000.412: require('Comment.api')
007.029  000.942  000.151: sourcing /home/met/.local/share/nvim/lazy/Comment.nvim/plugin/Comment.lua
008.419  000.080  000.080: require('nvim-treesitter.utils')
009.664  000.090  000.090: require('vim.treesitter.language')
009.674  000.558  000.468: require('vim.treesitter.query')
009.717  000.041  000.041: require('vim.treesitter._range')
009.722  000.832  000.232: require('vim.treesitter.languagetree')
009.727  001.017  000.185: require('vim.treesitter')
010.090  001.668  000.651: require('nvim-treesitter.parsers')
010.256  000.020  000.020: require('nvim-treesitter.compat')
010.337  000.047  000.047: require('nvim-treesitter.ts_utils')
010.342  000.084  000.037: require('nvim-treesitter.tsrange')
010.408  000.065  000.065: require('nvim-treesitter.caching')
010.419  000.211  000.042: require('nvim-treesitter.query')
010.431  000.276  000.065: require('nvim-treesitter.configs')
010.433  000.340  000.064: require('nvim-treesitter.info')
010.523  000.089  000.089: require('nvim-treesitter.shell_command_selectors')
010.548  002.423  000.245: require('nvim-treesitter.install')
010.579  000.029  000.029: require('nvim-treesitter.statusline')
010.632  000.052  000.052: require('nvim-treesitter.query_predicates')
010.634  002.693  000.188: require('nvim-treesitter')
011.036  003.148  000.456: sourcing /home/met/.local/share/nvim/lazy/nvim-treesitter/plugin/nvim-treesitter.lua
011.061  003.481  000.332: require('nvim-treesitter.ts_utils')
011.121  000.058  000.058: require('nvim-ts-autotag._log')
011.176  000.053  000.053: require('nvim-ts-autotag.utils')
011.189  003.669  000.077: require('nvim-ts-autotag.internal')
011.191  004.088  000.419: require('nvim-ts-autotag')
011.279  004.184  000.096: sourcing /home/met/.local/share/nvim/lazy/nvim-ts-autotag/plugin/nvim-ts-autotag.vim
011.708  000.245  000.245: require('rainbow')
011.880  000.424  000.179: sourcing /home/met/.local/share/nvim/lazy/nvim-ts-rainbow/plugin/rainbow.vim
013.124  000.888  000.888: sourcing /home/met/.local/share/nvim/lazy/vim-fugitive/plugin/fugitive.vim
013.206  000.008  000.008: sourcing /home/met/.local/share/nvim/lazy/vim-fugitive/ftdetect/fugitive.vim
013.871  000.026  000.026: require('illuminate.util')
013.913  000.039  000.039: require('illuminate.config')
013.943  000.028  000.028: require('illuminate.reference')
013.946  000.135  000.041: require('illuminate.highlight')
013.954  000.428  000.293: require('illuminate.engine')
014.044  000.071  000.071: require('illuminate')
014.127  000.775  000.276: sourcing /home/met/.local/share/nvim/lazy/vim-illuminate/plugin/illuminate.vim
014.427  000.023  000.023: sourcing /home/met/.local/share/nvim/lazy/plenary.nvim/plugin/plenary.vim
014.777  000.300  000.300: sourcing /home/met/.local/share/nvim/lazy/telescope.nvim/plugin/telescope.lua
017.942  000.132  000.132: sourcing /home/met/.local/share/nvim/lazy/vim-bbye/plugin/bbye.vim
020.310  000.330  000.330: require('vim.lsp.log')
021.274  000.960  000.960: require('vim.lsp.protocol')
022.001  000.191  000.191: require('vim.lsp._snippet')
022.058  000.053  000.053: require('vim.highlight')
022.066  000.005  000.005: require('vim.F')
022.085  000.807  000.557: require('vim.lsp.util')
022.107  002.374  000.277: require('vim.lsp.handlers')
022.199  000.091  000.091: require('vim.lsp.rpc')
022.258  000.057  000.057: require('vim.lsp.sync')
022.341  000.081  000.081: require('vim.lsp.semantic_tokens')
022.425  000.080  000.080: require('vim.lsp.buf')
022.492  000.065  000.065: require('vim.lsp.diagnostic')
022.539  000.046  000.046: require('vim.lsp.codelens')
022.640  003.734  000.940: require('vim.lsp')
022.684  003.945  000.211: sourcing /home/met/.local/share/nvim/lazy/nvim-lspconfig/plugin/lspconfig.lua
024.065  000.469  000.469: require('cmp.utils.api')
024.133  000.029  000.029: require('cmp.types.cmp')
024.201  000.034  000.034: require('cmp.utils.misc')
024.290  000.155  000.122: require('cmp.types.lsp')
024.338  000.045  000.045: require('cmp.types.vim')
024.340  000.272  000.042: require('cmp.types')
024.370  000.029  000.029: require('cmp.utils.highlight')
024.448  000.039  000.039: require('cmp.utils.debug')
024.458  000.087  000.048: require('cmp.utils.autocmd')
024.852  001.309  000.453: sourcing /home/met/.local/share/nvim/lazy/nvim-cmp/plugin/cmp.lua
028.158  000.979  000.979: require('vim.filetype')
029.076  000.030  000.030: require('luasnip.util.types')
029.080  000.069  000.038: require('luasnip.util.ext_opts')
029.194  000.024  000.024: require('luasnip.util.lazy_table')
029.223  000.028  000.028: require('luasnip.extras.filetype_functions')
029.237  000.121  000.069: require('luasnip.default_config')
029.238  000.157  000.036: require('luasnip.session')
029.241  000.947  000.721: require('luasnip.config')
029.510  000.159  000.159: require('luasnip.util.util')
029.830  000.091  000.091: require('luasnip.nodes.key_indexer')
029.839  000.326  000.235: require('luasnip.nodes.util')
029.961  000.049  000.049: require('luasnip.session.snippet_collection.source')
029.996  000.033  000.033: require('luasnip.util.table')
030.031  000.034  000.034: require('luasnip.util.auto_table')
030.040  000.199  000.083: require('luasnip.session.snippet_collection')
030.324  000.102  000.102: require('luasnip.util.select')
030.368  000.043  000.043: require('luasnip.util.time')
030.696  000.555  000.410: require('luasnip.util._builtin_vars')
030.746  000.047  000.047: require('vim.inspect')
030.862  000.822  000.220: require('luasnip.util.environ')
030.920  000.056  000.056: require('luasnip.util.extend_decorator')
031.055  000.075  000.075: require('luasnip.util.path')
031.171  000.068  000.068: require('luasnip.util.log')
031.176  000.120  000.051: require('luasnip.loaders.util')
031.233  000.056  000.056: require('luasnip.loaders.data')
031.369  000.110  000.110: require('luasnip.loaders.fs_watchers')
031.374  000.453  000.093: require('luasnip.loaders')
031.399  002.153  000.138: require('luasnip')
031.416  004.276  000.196: sourcing /home/met/.local/share/nvim/lazy/LuaSnip/plugin/luasnip.lua
031.459  000.020  000.020: sourcing /home/met/.local/share/nvim/lazy/LuaSnip/plugin/luasnip.vim
032.936  000.758  000.758: require('vim.diagnostic')
032.944  001.126  000.368: require('lsp-zero.setup')
032.945  001.160  000.034: sourcing /home/met/.local/share/nvim/lazy/lsp-zero.nvim/plugin/lsp-zero.lua
033.746  000.051  000.051: sourcing /home/met/.local/share/nvim/lazy/nvim-ts-context-commentstring/plugin/ts_context_commentstring.lua
034.392  000.009  000.009: sourcing /home/met/.local/share/nvim/lazy/which-key.nvim/plugin/which-key.vim
035.398  000.117  000.117: sourcing /home/met/.local/share/nvim/lazy/undotree/plugin/undotree.vim
035.694  000.027  000.027: sourcing /home/met/.local/share/nvim/lazy/nvim-web-devicons/plugin/nvim-web-devicons.vim
036.466  000.049  000.049: sourcing /home/met/.local/share/nvim/lazy/vim-tmux-navigator/plugin/tmux_navigator.vim
036.844  000.045  000.045: sourcing /home/met/.local/share/nvim/lazy/neogit/plugin/neogit.lua
037.038  000.036  000.036: sourcing /home/met/.local/bin/nvim-linux64/share/nvim/runtime/plugin/editorconfig.lua
037.185  000.129  000.129: sourcing /home/met/.local/bin/nvim-linux64/share/nvim/runtime/plugin/gzip.vim
037.211  000.005  000.005: sourcing /home/met/.local/bin/nvim-linux64/share/nvim/runtime/plugin/health.vim
037.301  000.076  000.076: sourcing /home/met/.local/bin/nvim-linux64/share/nvim/runtime/plugin/man.lua
037.699  000.108  000.108: sourcing /home/met/.local/bin/nvim-linux64/share/nvim/runtime/pack/dist/opt/matchit/plugin/matchit.vim
037.737  000.418  000.310: sourcing /home/met/.local/bin/nvim-linux64/share/nvim/runtime/plugin/matchit.vim
037.862  000.110  000.110: sourcing /home/met/.local/bin/nvim-linux64/share/nvim/runtime/plugin/matchparen.vim
038.132  000.252  000.252: sourcing /home/met/.local/bin/nvim-linux64/share/nvim/runtime/plugin/netrwPlugin.vim
038.250  000.091  000.091: sourcing /home/met/.local/bin/nvim-linux64/share/nvim/runtime/plugin/nvim.lua
038.392  000.005  000.005: sourcing /home/met/.local/share/nvim/rplugin.vim
038.396  000.121  000.116: sourcing /home/met/.local/bin/nvim-linux64/share/nvim/runtime/plugin/rplugin.vim
038.457  000.046  000.046: sourcing /home/met/.local/bin/nvim-linux64/share/nvim/runtime/plugin/shada.vim
038.490  000.012  000.012: sourcing /home/met/.local/bin/nvim-linux64/share/nvim/runtime/plugin/spellfile.vim
038.585  000.080  000.080: sourcing /home/met/.local/bin/nvim-linux64/share/nvim/runtime/plugin/tarPlugin.vim
038.686  000.047  000.047: sourcing /home/met/.local/bin/nvim-linux64/share/nvim/runtime/plugin/tohtml.vim
038.721  000.009  000.009: sourcing /home/met/.local/bin/nvim-linux64/share/nvim/runtime/plugin/tutor.vim
038.843  000.106  000.106: sourcing /home/met/.local/bin/nvim-linux64/share/nvim/runtime/plugin/zipPlugin.vim
039.230  000.041  000.041: require('cmp.utils.char')
039.236  000.080  000.039: require('cmp.utils.str')
039.308  000.018  000.018: require('cmp.utils.buffer')
039.311  000.052  000.034: require('cmp.utils.keymap')
039.376  000.139  000.087: require('cmp.utils.feedkeys')
039.495  000.027  000.027: require('cmp.config.mapping')
039.515  000.019  000.019: require('cmp.utils.cache')
039.586  000.031  000.031: require('cmp.config.compare')
039.587  000.070  000.040: require('cmp.config.default')
039.617  000.176  000.060: require('cmp.config')
039.626  000.248  000.072: require('cmp.utils.async')
039.672  000.019  000.019: require('cmp.utils.pattern')
039.674  000.047  000.029: require('cmp.context')
039.758  000.021  000.021: require('cmp.matcher')
039.761  000.058  000.037: require('cmp.entry')
039.765  000.090  000.032: require('cmp.source')
039.808  000.018  000.018: require('cmp.utils.event')
039.890  000.021  000.021: require('cmp.utils.options')
039.893  000.063  000.041: require('cmp.utils.window')
039.909  000.100  000.037: require('cmp.view.docs_view')
039.946  000.036  000.036: require('cmp.view.custom_entries_view')
039.975  000.028  000.028: require('cmp.view.wildmenu_entries_view')
040.001  000.025  000.025: require('cmp.view.native_entries_view')
040.038  000.036  000.036: require('cmp.view.ghost_text_view')
040.043  000.278  000.035: require('cmp.view')
040.483  001.368  000.485: require('cmp.core')
040.625  000.039  000.039: require('cmp.config.sources')
040.650  000.022  000.022: require('cmp.config.window')
040.680  001.605  000.176: require('cmp')
040.708  000.027  000.027: require('cmp_nvim_lua')
040.744  001.724  000.092: sourcing /home/met/.local/share/nvim/lazy/cmp-nvim-lua/after/plugin/cmp_nvim_lua.lua
040.950  000.026  000.026: require('cmp_nvim_lsp.source')
040.953  000.058  000.032: require('cmp_nvim_lsp')
040.974  000.175  000.117: sourcing /home/met/.local/share/nvim/lazy/cmp-nvim-lsp/after/plugin/cmp_nvim_lsp.lua
041.094  000.026  000.026: require('cmp_luasnip')
041.114  000.078  000.052: sourcing /home/met/.local/share/nvim/lazy/cmp_luasnip/after/plugin/cmp_luasnip.lua
041.319  000.068  000.068: require('cmp_cmdline')
041.331  000.107  000.039: sourcing /home/met/.local/share/nvim/lazy/cmp-cmdline/after/plugin/cmp_cmdline.lua
041.446  000.044  000.044: require('cmp_path')
041.456  000.088  000.044: sourcing /home/met/.local/share/nvim/lazy/cmp-path/after/plugin/cmp_path.lua
041.722  000.026  000.026: require('cmp_buffer.timer')
041.733  000.077  000.051: require('cmp_buffer.buffer')
041.735  000.107  000.030: require('cmp_buffer.source')
041.736  000.151  000.044: require('cmp_buffer')
041.772  000.223  000.073: sourcing /home/met/.local/share/nvim/lazy/cmp-buffer/after/plugin/cmp_buffer.lua
042.069  000.065  000.065: require('ibl.utils')
042.074  000.109  000.045: require('ibl.config')
042.140  000.035  000.035: require('ibl.indent')
042.146  000.070  000.035: require('ibl.hooks')
042.147  000.207  000.027: require('ibl.highlights')
042.195  000.047  000.047: require('ibl.autocmds')
042.219  000.024  000.024: require('ibl.inlay_hints')
042.243  000.023  000.023: require('ibl.virt_text')
042.418  000.141  000.141: require('ibl.scope_languages')
042.420  000.173  000.032: require('ibl.scope')
042.425  000.546  000.073: require('ibl')
042.443  000.613  000.068: sourcing /home/met/.local/share/nvim/lazy/indent-blankline.nvim/after/plugin/commands.lua
042.521  040.208  015.359: require('met.plugins')
042.701  000.178  000.178: require('met.keymaps')
044.014  000.033  000.033: require('darkplus.util')
044.050  000.034  000.034: require('darkplus.config')
044.096  000.044  000.044: require('darkplus.palette')
044.164  000.068  000.068: require('darkplus.highlights')
044.202  000.037  000.037: require('darkplus.Treesitter')
044.231  000.027  000.027: require('darkplus.markdown')
044.253  000.022  000.022: require('darkplus.Whichkey')
044.279  000.025  000.025: require('darkplus.Git')
044.311  000.031  000.031: require('darkplus.LSP')
044.331  000.019  000.019: require('darkplus.Quickscope')
044.353  000.021  000.021: require('darkplus.Telescope')
044.382  000.029  000.029: require('darkplus.NvimTree')
044.403  000.019  000.019: require('darkplus.Lir')
044.426  000.022  000.022: require('darkplus.Buffer')
044.448  000.022  000.022: require('darkplus.StatusLine')
044.472  000.023  000.023: require('darkplus.IndentBlankline')
044.503  000.030  000.030: require('darkplus.Dashboard')
044.525  000.021  000.021: require('darkplus.DiffView')
044.546  000.020  000.020: require('darkplus.Bookmarks')
044.566  000.019  000.019: require('darkplus.Bqf')
044.647  000.080  000.080: require('darkplus.Cmp')
044.682  000.034  000.034: require('darkplus.Gps')
044.709  000.026  000.026: require('darkplus.Packer')
044.733  000.023  000.023: require('darkplus.SymbolOutline')
044.768  000.034  000.034: require('darkplus.Notify')
044.823  000.054  000.054: require('darkplus.Misc')
044.848  000.024  000.024: require('darkplus.Crates')
046.267  002.671  001.831: require('darkplus')
046.290  002.723  000.052: sourcing /home/met/.local/share/nvim/lazy/colorschemes/colors/darkplus.vim
046.607  000.282  000.282: require('rainbow.internal')
046.892  004.190  001.185: require('met.colorscheme')
047.279  000.322  000.322: require('neogit')
047.521  000.111  000.111: require('neogit.lib.util')
047.559  000.276  000.165: require('neogit.config')
047.612  000.051  000.051: require('neogit.lib.signs')
048.222  000.033  000.033: require('plenary.tbl')
048.227  000.082  000.049: require('plenary.vararg.rotate')
048.228  000.146  000.064: require('plenary.vararg')
048.256  000.027  000.027: require('plenary.errors')
048.306  000.049  000.049: require('plenary.functional')
048.322  000.283  000.061: require('plenary.async.async')
048.484  000.046  000.046: require('plenary.async.structs')
048.490  000.098  000.053: require('plenary.async.control')
048.495  000.140  000.041: require('plenary.async.util')
048.497  000.174  000.035: require('plenary.async.tests')
048.498  000.847  000.390: require('plenary.async')
048.956  000.083  000.083: require('neogit.lib.mappings_manager')
049.119  000.068  000.068: require('neogit.lib.ui.component')
049.128  000.169  000.102: require('neogit.lib.ui')
049.202  000.065  000.065: require('neogit.lib.uv')
049.218  000.566  000.248: require('neogit.lib.buffer')
049.497  000.131  000.131: require('neogit.logger')
049.723  000.118  000.118: require('plenary.bit')
049.766  000.267  000.149: require('plenary.path')
050.535  000.248  000.248: require('neogit.lib.notification')
050.562  000.667  000.419: require('neogit.process')
050.776  001.008  000.341: require('neogit.lib.git.cli')
054.540  000.495  000.495: require('neogit.lib.collection')
054.552  001.036  000.540: require('neogit.lib.git.status')
055.073  000.333  000.333: require('neogit.lib.git.config')
055.216  000.088  000.088: require('neogit.lib.finder')
055.219  000.143  000.055: require('neogit.buffers.fuzzy_finder')
055.227  000.669  000.193: require('neogit.lib.git.branch')
055.299  000.029  000.029: require('neogit.lib.item_filter')
055.308  000.080  000.050: require('neogit.lib.git.diff')
055.341  000.032  000.032: require('neogit.lib.git.stash')
055.447  000.029  000.029: require('neogit.lib.json')
055.456  000.087  000.058: require('neogit.lib.git.log')
055.458  000.115  000.028: require('neogit.lib.git.pull')
055.485  000.026  000.026: require('neogit.lib.git.push')
055.580  000.026  000.026: require('neogit.lib.rpc')
055.583  000.062  000.035: require('neogit.client')
055.587  000.100  000.039: require('neogit.lib.git.rebase')
055.619  000.030  000.030: require('neogit.lib.git.sequencer')
055.676  000.055  000.055: require('neogit.lib.git.merge')
055.693  006.367  002.818: require('neogit.lib.git.repository')
055.760  000.063  000.063: require('neogit.lib.git.rev_parse')
055.824  000.031  000.031: require('neogit.lib.input')
055.826  000.064  000.032: require('neogit.lib.git.init')
055.857  000.030  000.030: require('neogit.lib.git.files')
055.884  000.026  000.026: require('neogit.lib.git.fetch')
055.911  000.025  000.025: require('neogit.lib.git.refs')
055.938  000.026  000.026: require('neogit.lib.git.tag')
055.968  000.028  000.028: require('neogit.lib.git.reflog')
055.998  000.028  000.028: require('neogit.lib.git.cherry_pick')
056.031  000.032  000.032: require('neogit.lib.git.reset')
056.072  000.039  000.039: require('neogit.lib.git.revert')
056.099  000.026  000.026: require('neogit.lib.git.remote')
056.135  000.034  000.034: require('neogit.lib.git.index')
056.189  000.053  000.053: require('neogit.lib.git.worktree')
056.191  006.925  000.084: require('neogit.lib.git')
056.200  006.981  000.056: require('neogit.buffers.git_command_history')
056.283  000.035  000.035: require('neogit.buffers.commit_view.parsing')
056.394  000.050  000.050: require('neogit.buffers.common')
056.397  000.113  000.063: require('neogit.buffers.commit_view.ui')
056.440  000.042  000.042: require('neogit.popups')
056.447  000.245  000.055: require('neogit.buffers.commit_view')
056.471  000.023  000.023: require('neogit.lib.functional')
056.495  000.023  000.023: require('neogit.lib.line_buffer')
056.536  000.027  000.027: require('neogit.lib.fs')
056.564  000.026  000.026: require('neogit.watcher')
056.587  000.022  000.022: require('neogit.operations')
056.609  008.110  000.198: require('neogit.status')
056.611  008.998  000.040: require('neogit.autocmds')
056.827  000.179  000.179: require('neogit.lib.color')
056.830  000.218  000.039: require('neogit.lib.hl')
056.864  000.033  000.033: require('neogit.lib.state')
057.003  000.034  000.034: require('neogit.lib.popup.builder')
057.020  000.115  000.080: require('neogit.lib.popup')
057.022  000.149  000.034: require('neogit.lib')
059.026  012.131  002.085: require('met.neogit')
059.321  000.031  000.031: require('nvim-tree.notify')
059.326  000.065  000.034: require('nvim-tree.events')
059.421  000.028  000.028: require('nvim-tree.log')
059.492  000.026  000.026: require('nvim-tree.iterators.node-iterator')
059.541  000.118  000.092: require('nvim-tree.utils')
059.582  000.039  000.039: require('nvim-tree.git.utils')
059.620  000.037  000.037: require('nvim-tree.git.runner')
059.648  000.026  000.026: require('nvim-tree.watcher')
059.701  000.052  000.052: require('nvim-tree.explorer.node')
059.704  000.349  000.048: require('nvim-tree.git')
059.726  000.021  000.021: require('nvim-tree.explorer.watch')
059.767  000.020  000.020: require('nvim-tree.explorer.node-builders')
059.798  000.030  000.030: require('nvim-tree.explorer.sorters')
059.842  000.021  000.021: require('nvim-tree.marks')
059.845  000.045  000.025: require('nvim-tree.explorer.filters')
059.913  000.043  000.043: require('nvim-tree.view')
059.916  000.070  000.028: require('nvim-tree.live-filter')
059.917  000.190  000.024: require('nvim-tree.explorer.explore')
059.945  000.027  000.027: require('nvim-tree.explorer.reload')
059.947  000.620  000.033: require('nvim-tree.explorer')
059.949  000.712  000.027: require('nvim-tree.core')
060.005  000.019  000.019: require('nvim-tree.modified')
060.007  000.057  000.038: require('nvim-tree.renderer.components.modified')
060.028  000.021  000.021: require('nvim-tree.renderer.components.padding')
060.050  000.021  000.021: require('nvim-tree.renderer.components.icons')
060.076  000.025  000.025: require('nvim-tree.renderer.components.full-name')
060.109  000.031  000.031: require('nvim-tree.renderer.components.git')
060.158  000.027  000.027: require('nvim-tree.enum')
060.188  000.029  000.029: require('nvim-tree.diagnostics')
060.190  000.080  000.024: require('nvim-tree.renderer.components.diagnostics')
060.270  000.042  000.042: require('nvim-tree.renderer.components.bookmarks')
060.275  000.084  000.042: require('nvim-tree.renderer.builder')
060.279  001.076  000.044: require('nvim-tree.renderer')
060.282  001.137  000.061: require('nvim-tree.lib')
060.315  000.032  000.032: require('nvim-tree.colors')
060.466  000.021  000.021: require('nvim-tree.actions.finders.find-file')
060.488  000.021  000.021: require('nvim-tree.actions.finders.search-node')
060.489  000.063  000.021: require('nvim-tree.actions.finders')
060.567  000.023  000.023: require('nvim-tree.actions.reloaders')
060.571  000.060  000.037: require('nvim-tree.actions.fs.copy-paste')
060.595  000.023  000.023: require('nvim-tree.actions.fs.create-file')
060.628  000.032  000.032: require('nvim-tree.actions.fs.remove-file')
060.668  000.039  000.039: require('nvim-tree.actions.fs.rename-file')
060.714  000.045  000.045: require('nvim-tree.actions.fs.trash')
060.715  000.226  000.027: require('nvim-tree.actions.fs')
060.760  000.024  000.024: require('nvim-tree.actions.moves.item')
060.781  000.020  000.020: require('nvim-tree.actions.moves.parent')
060.802  000.019  000.019: require('nvim-tree.actions.moves.sibling')
060.803  000.087  000.023: require('nvim-tree.actions.moves')
060.864  000.022  000.022: require('nvim-tree.actions.node.file-popup')
060.920  000.055  000.055: require('nvim-tree.actions.node.open-file')
060.943  000.023  000.023: require('nvim-tree.actions.node.run-command')
060.969  000.024  000.024: require('nvim-tree.actions.node.system-open')
060.980  000.176  000.052: require('nvim-tree.actions.node')
061.031  000.025  000.025: require('nvim-tree.actions.root.change-dir')
061.052  000.020  000.020: require('nvim-tree.actions.root.dir-up')
061.053  000.072  000.027: require('nvim-tree.actions.root')
061.107  000.030  000.030: require('nvim-tree.actions.tree.find-file')
061.178  000.046  000.046: require('nvim-tree.actions.tree.modifiers.collapse-all')
061.206  000.027  000.027: require('nvim-tree.actions.tree.modifiers.expand-all')
061.230  000.023  000.023: require('nvim-tree.actions.tree.modifiers.toggles')
061.231  000.123  000.027: require('nvim-tree.actions.tree.modifiers')
061.256  000.024  000.024: require('nvim-tree.actions.tree.open')
061.281  000.024  000.024: require('nvim-tree.actions.tree.toggle')
061.282  000.228  000.027: require('nvim-tree.actions.tree')
061.283  000.881  000.029: require('nvim-tree.actions')
061.372  000.045  000.045: require('nvim-tree.keymap')
061.375  000.091  000.047: require('nvim-tree.help')
061.404  000.028  000.028: require('nvim-tree.marks.navigation')
061.431  000.026  000.026: require('nvim-tree.marks.bulk-delete')
061.456  000.024  000.024: require('nvim-tree.marks.bulk-trash')
061.482  000.025  000.025: require('nvim-tree.marks.bulk-move')
061.514  001.172  000.097: require('nvim-tree.api')
061.523  001.206  000.034: require('nvim-tree.commands')
061.556  000.032  000.032: require('nvim-tree.legacy')
061.589  002.559  000.152: require('nvim-tree')
062.407  000.223  000.223: require('nvim-web-devicons.icons-default')
062.516  000.436  000.213: require('nvim-web-devicons')
065.238  000.065  000.065: require('toggleterm.lazy')
065.273  000.032  000.032: require('toggleterm.constants')
065.415  000.139  000.139: require('toggleterm.terminal')
065.421  000.350  000.114: require('toggleterm')
065.542  000.054  000.054: require('toggleterm.colors')
065.601  000.057  000.057: require('toggleterm.utils')
065.608  000.181  000.069: require('toggleterm.config')
065.858  000.085  000.085: require('vim.version')
067.232  000.095  000.095: require('toggleterm.commandline')
067.354  002.364  001.653: require('met.toggleterm')
069.898  000.055  000.055: require('nvim-treesitter.highlight')
070.092  000.079  000.079: require('nvim-treesitter.indent')
070.339  000.087  000.087: require('nvim-treesitter.locals')
070.343  000.151  000.064: require('illuminate.providers.treesitter')
070.346  002.990  002.705: require('met.treesitter')
070.703  000.356  000.356: require('met.indent_blankline')
071.050  000.048  000.048: require('treesj.langs.default_preset')
071.208  000.267  000.219: require('treesj.langs.utils')
071.435  000.543  000.275: require('treesj.langs.javascript')
071.638  000.200  000.200: require('treesj.langs.typescript')
071.702  000.062  000.062: require('treesj.langs.lua')
071.771  000.067  000.067: require('treesj.langs.html')
071.876  000.103  000.103: require('treesj.langs.json')
071.914  000.035  000.035: require('treesj.langs.jsonc')
071.946  000.031  000.031: require('treesj.langs.json5')
071.985  000.038  000.038: require('treesj.langs.vue')
072.047  000.060  000.060: require('treesj.langs.css')
072.097  000.047  000.047: require('treesj.langs.scss')
072.158  000.057  000.057: require('treesj.langs.tsx')
072.291  000.132  000.132: require('treesj.langs.perl')
072.414  000.122  000.122: require('treesj.langs.php')
072.527  000.050  000.050: require('treesj.utils')
072.825  000.409  000.358: require('treesj.langs.ruby')
072.990  000.163  000.163: require('treesj.langs.go')
073.052  000.059  000.059: require('treesj.langs.java')
073.100  000.047  000.047: require('treesj.langs.pug')
073.139  000.034  000.034: require('treesj.langs.svelte')
073.238  000.098  000.098: require('treesj.langs.rust')
073.357  000.117  000.117: require('treesj.langs.python')
073.412  000.053  000.053: require('treesj.langs.starlark')
073.471  000.057  000.057: require('treesj.langs.r')
073.562  000.053  000.053: require('treesj.langs.c')
073.571  000.099  000.046: require('treesj.langs.cpp')
073.646  000.074  000.074: require('treesj.langs.toml')
073.724  000.064  000.064: require('treesj.langs.yaml')
074.018  000.291  000.291: require('treesj.langs.nix')
074.247  000.227  000.227: require('treesj.langs.kotlin')
074.383  000.133  000.133: require('treesj.langs.bash')
074.479  000.094  000.094: require('treesj.langs.sql')
074.619  000.139  000.139: require('treesj.langs.dart')
074.620  003.765  000.111: require('treesj.langs')
081.341  010.546  006.780: require('treesj.settings')
081.346  010.594  000.049: require('treesj')
086.529  015.824  005.229: require('met.treesj')
086.676  000.038  000.038: require('telescope._extensions')
086.679  000.084  000.046: require('telescope')
087.123  000.112  000.112: require('plenary.strings')
087.220  000.094  000.094: require('telescope.deprecated')
087.469  000.092  000.092: require('plenary.log')
087.497  000.188  000.095: require('telescope.log')
087.708  000.122  000.122: require('plenary.job')
087.755  000.045  000.045: require('telescope.state')
087.764  000.265  000.098: require('telescope.utils')
087.774  000.553  000.100: require('telescope.sorters')
089.746  002.932  002.173: require('telescope.config')
089.931  000.080  000.080: require('plenary.window.border')
089.988  000.054  000.054: require('plenary.window')
090.032  000.042  000.042: require('plenary.popup.utils')
090.035  000.285  000.109: require('plenary.popup')
090.094  000.057  000.057: require('telescope.pickers.scroller')
090.140  000.046  000.046: require('telescope.actions.state')
090.193  000.051  000.051: require('telescope.actions.utils')
090.342  000.078  000.078: require('telescope.actions.mt')
090.373  000.179  000.101: require('telescope.actions.set')
090.534  000.095  000.095: require('telescope.config.resolve')
090.537  000.163  000.068: require('telescope.pickers.entry_display')
090.594  000.056  000.056: require('telescope.from_entry')
090.905  004.226  000.456: require('telescope.actions')
092.128  005.596  001.287: require('met.telescope')
092.437  000.109  000.109: require('lualine_require')
092.761  000.549  000.440: require('lualine')
093.988  000.145  000.145: require('lualine.highlight')
095.140  000.097  000.097: require('lualine.utils.mode')
099.320  007.189  006.397: require('met.lualine')
099.810  000.145  000.145: require('harpoon.utils')
099.933  000.121  000.121: require('harpoon.dev')
100.549  001.025  000.759: require('harpoon')
100.772  000.218  000.218: require('harpoon.mark')
100.975  000.201  000.201: require('harpoon.ui')
103.420  000.740  000.740: require('telescope.make_entry')
104.035  000.611  000.611: require('telescope.finders.async_static_finder')
105.125  000.378  000.378: require('plenary.class')
105.170  000.814  000.436: require('telescope._')
105.187  001.150  000.336: require('telescope.finders.async_oneshot_finder')
105.447  000.248  000.248: require('telescope.finders.async_job_finder')
105.500  003.187  000.438: require('telescope.finders')
107.954  001.514  001.514: require('telescope.debounce')
108.905  000.948  000.948: require('telescope.mappings')
109.245  000.332  000.332: require('telescope.pickers.highlights')
109.355  000.106  000.106: require('telescope.pickers.window')
109.418  000.062  000.062: require('telescope.pickers.layout')
109.531  000.041  000.041: require('telescope.algos.linked_list')
109.534  000.114  000.073: require('telescope.entry_manager')
109.569  000.033  000.033: require('telescope.pickers.multi')
109.585  004.083  000.975: require('telescope.pickers')
109.589  007.610  000.339: require('telescope._extensions.marks')
109.590  008.154  000.544: require('telescope._extensions.harpoon')
109.593  010.268  000.670: require('met.harpoon')
109.720  000.029  000.029: require('bufferline.lazy')
109.780  000.056  000.056: require('bufferline.commands')
109.947  000.107  000.107: require('bufferline.config')
109.952  000.317  000.125: require('bufferline')
110.036  000.077  000.077: require('bufferline.utils')
111.178  000.192  000.192: require('bufferline.groups')
111.250  000.042  000.042: require('bufferline.constants')
111.290  000.033  000.033: require('bufferline.colors')
111.777  000.085  000.085: require('bufferline.highlights')
113.389  000.680  000.680: require('bufferline.hover')
113.631  000.114  000.114: require('bufferline.ui')
113.686  004.092  002.553: require('met.bufferline')
113.751  000.028  000.028: require('flash')
113.809  000.057  000.057: require('flash.config')
113.883  000.024  000.024: require('flash.require')
113.909  000.089  000.065: require('flash.plugins.search')
114.008  000.064  000.064: require('flash.plugins.char')
114.034  000.024  000.024: require('flash.repeat')
114.245  000.557  000.295: require('met.flash')
114.443  000.034  000.034: require('gitsigns.async')
114.533  000.089  000.089: require('gitsigns.config')
114.563  000.029  000.029: require('gitsigns.debug.log')
114.566  000.219  000.067: require('gitsigns')
114.727  000.480  000.261: require('met.gitsigns')
114.872  000.028  000.028: require('luasnip.session.enqueueable_operations')
114.975  000.100  000.100: require('luasnip.util.jsonc')
115.204  000.024  000.024: require('luasnip.util.events')
115.213  000.076  000.052: require('luasnip.nodes.node')
115.287  000.073  000.073: require('luasnip.nodes.insertNode')
115.321  000.033  000.033: require('luasnip.nodes.textNode')
115.354  000.032  000.032: require('luasnip.util.mark')
115.405  000.049  000.049: require('luasnip.util.pattern_tokenizer')
115.434  000.028  000.028: require('luasnip.util.dict')
115.924  000.462  000.462: require('luasnip.util.jsregexp')
115.931  000.495  000.033: require('luasnip.nodes.util.trig_engines')
115.991  000.942  000.155: require('luasnip.nodes.snippet')
115.997  000.988  000.047: require('luasnip.nodes.duplicate')
116.000  001.022  000.034: require('luasnip.loaders.snippet_cache')
116.012  001.230  000.080: require('luasnip/loaders/from_vscode')
118.590  000.030  000.030: require('luasnip.util.parser.neovim_ast')
118.644  000.049  000.049: require('luasnip.util.str')
118.919  000.272  000.272: require('luasnip.util.jsregexp')
118.972  000.051  000.051: require('luasnip.util.directed_graph')
118.977  000.455  000.054: require('luasnip.util.parser.ast_utils')
119.088  000.097  000.097: require('luasnip.nodes.functionNode')
119.166  000.076  000.076: require('luasnip.nodes.choiceNode')
119.217  000.050  000.050: require('luasnip.nodes.dynamicNode')
119.247  000.028  000.028: require('luasnip.util.functions')
119.253  000.771  000.065: require('luasnip.util.parser.ast_parser')
119.323  000.068  000.068: require('luasnip.util.parser.neovim_parser')
119.327  000.886  000.047: require('luasnip.util.parser')
119.331  000.948  000.061: require('luasnip.nodes.snippetProxy')
119.380  000.047  000.047: require('luasnip.nodes.multiSnippet')
121.299  006.569  004.344: require('met.cmp')
121.493  000.066  000.066: require('lsp-zero.server')
121.694  000.138  000.138: require('lspconfig.util')
121.735  000.038  000.038: require('lspconfig.async')
121.737  000.242  000.066: require('lspconfig.configs')
121.799  000.037  000.037: require('lsp-zero.cmp')
122.607  000.085  000.085: require('lsp-zero.api')
122.613  001.238  000.809: require('lsp-zero')
122.704  000.089  000.089: require('met.lsp.handlers')
122.920  000.045  000.045: require('null-ls.utils')
122.932  000.114  000.068: require('null-ls.config')
122.981  000.020  000.020: require('null-ls.helpers.cache')
123.015  000.034  000.034: require('null-ls.helpers.diagnostics')
123.037  000.021  000.021: require('null-ls.helpers.formatter_factory')
123.101  000.024  000.024: require('null-ls.logger')
123.142  000.039  000.039: require('null-ls.state')
123.144  000.105  000.042: require('null-ls.helpers.generator_factory')
123.199  000.024  000.024: require('null-ls.helpers.command_resolver')
123.200  000.056  000.031: require('null-ls.helpers.make_builtin')
123.227  000.025  000.025: require('null-ls.helpers.range_formatting_args_factory')
123.228  000.295  000.034: require('null-ls.helpers')
123.335  000.047  000.047: require('null-ls.methods')
123.339  000.079  000.032: require('null-ls.diagnostics')
123.343  000.114  000.035: require('null-ls.sources')
123.392  000.048  000.048: require('null-ls.builtins')
123.426  000.641  000.070: require('null-ls')
123.481  000.053  000.053: require('null-ls.builtins.formatting.prettier')
123.599  000.107  000.107: require('null-ls.builtins.formatting.stylua')
123.642  000.040  000.040: require('null-ls.builtins.formatting.black')
123.744  000.082  000.082: require('null-ls.builtins.diagnostics.flake8')
124.159  000.053  000.053: require('null-ls.client')
124.214  001.460  000.484: require('met.lsp.null-ls')
124.215  002.911  000.124: require('met.lsp')
124.360  000.025  000.025: require('nvim-autopairs._log')
124.397  000.036  000.036: require('nvim-autopairs.utils')
124.591  000.073  000.073: require('nvim-autopairs.conds')
124.595  000.168  000.095: require('nvim-autopairs.rule')
124.597  000.198  000.031: require('nvim-autopairs.rules.basic')
124.604  000.357  000.097: require('nvim-autopairs')
124.655  000.039  000.039: require('nvim-autopairs.fastwrap')
125.097  000.037  000.037: require('nvim-autopairs.ts-conds')
125.099  000.080  000.043: require('nvim-autopairs.rules.ts_basic')
125.146  000.045  000.045: require('vim.treesitter.highlighter')
125.712  000.033  000.033: require('nvim-autopairs.completion.handlers')
125.718  000.093  000.060: require('nvim-autopairs.completion.cmp')
125.725  001.508  000.894: require('met.autopairs')
125.821  000.044  000.044: require('project_nvim.config')
125.888  000.025  000.025: require('project_nvim.utils.path')
125.894  000.071  000.046: require('project_nvim.utils.history')
125.895  000.140  000.025: require('project_nvim')
125.931  000.027  000.027: require('project_nvim.utils.globtopattern')
126.000  000.050  000.050: require('project_nvim.project')
126.680  000.089  000.089: require('telescope.builtin')
126.687  000.217  000.128: require('telescope._extensions.projects')
126.695  000.969  000.536: require('met.project')
136.891  010.170  010.170: require('impatient')
136.957  000.061  000.061: require('impatient.profile')
136.963  010.266  000.036: require('met.impatient')
137.066  000.079  000.079: require('alpha')
137.124  000.056  000.056: require('alpha.themes.dashboard')
137.160  000.195  000.061: require('met.alpha')
137.377  000.092  000.092: require('luasnip.loaders.from_lua')
137.844  000.026  000.026: require('luasnip.extras')
137.848  000.063  000.036: require('luasnip.extras.fmt')
141.963  004.801  004.647: require('met.luasnip')
142.062  000.094  000.094: require('met.autocommands')
142.095  000.030  000.030: require('met.undotree')
142.257  000.138  000.138: require('dap-python')
142.576  000.037  000.037: require('dap.utils')
142.600  000.338  000.301: require('dap')
142.795  000.028  000.028: require('dapui.async.tasks')
142.824  000.026  000.026: require('dapui.async.control')
143.013  000.187  000.187: require('dapui.async.uv')
143.115  000.098  000.098: require('dapui.async.tests')
143.256  000.056  000.056: require('vim.ui')
143.259  000.142  000.086: require('dapui.async.ui')
143.318  000.058  000.058: require('dapui.async.lsp')
143.324  000.611  000.072: require('dapui.async')
143.551  000.045  000.045: require('dapui.config.highlights')
143.630  000.273  000.228: require('dapui.config')
143.635  000.310  000.037: require('dapui.util')
143.680  000.043  000.043: require('dapui.windows.layout')
143.683  001.006  000.043: require('dapui.windows')
143.726  000.030  000.030: require('dapui.controls')
143.730  001.111  000.074: require('dapui')
143.742  001.644  000.058: require('met.debugger')
143.769  000.026  000.026: require('met.fugitive')
144.051  000.019  000.019: sourcing /home/met/.local/bin/nvim-linux64/share/nvim/runtime/filetype.lua
144.201  000.012  000.012: sourcing /home/met/.local/bin/nvim-linux64/share/nvim/runtime/indent.vim
144.224  142.198  003.477: sourcing /home/met/.config/nvim/init.lua
144.228  000.376: sourcing vimrc file(s)
144.510  000.146  000.146: sourcing /home/met/.local/bin/nvim-linux64/share/nvim/runtime/syntax/synload.vim
144.601  000.353  000.206: sourcing /home/met/.local/bin/nvim-linux64/share/nvim/runtime/syntax/syntax.vim
144.612  000.031: inits 3
146.421  001.809: reading ShaDa
148.376  000.159  000.159: require('vim.filetype.detect')
150.313  000.544  000.544: sourcing /home/met/.local/share/nvim/lazy/undotree/autoload/undotree.vim
150.416  000.048  000.048: require('editorconfig')
150.642  000.071  000.071: require('luasnip.loaders.from_snipmate')
150.711  000.052  000.052: require('luasnip.loaders.from_vscode')
150.968  003.674: opening buffers
153.421  000.115  000.115: require('bufferline.state')
153.626  002.543: BufEnter autocommands
153.633  000.006: editing files in windows
153.779  000.071  000.071: require('illuminate.providers.lsp')
153.876  000.076  000.076: require('illuminate.providers.regex')
154.446  000.666: VimEnter autocommands
154.505  000.059: UIEnter autocommands
169.282  014.626  014.626: sourcing /home/met/.local/bin/nvim-linux64/share/nvim/runtime/autoload/provider/clipboard.vim
169.306  000.175: before starting main loop
169.892  000.126  000.126: require('bufferline.pick')
169.953  000.056  000.056: require('bufferline.duplicates')
170.058  000.103  000.103: require('bufferline.diagnostics')
170.144  000.083  000.083: require('bufferline.models')
170.146  000.566  000.199: require('bufferline.buffers')
170.580  000.077  000.077: require('bufferline.numbers')
170.796  000.073  000.073: require('bufferline.sorters')
170.906  000.086  000.086: require('bufferline.tabpages')
170.995  000.060  000.060: require('bufferline.offset')
171.039  000.028  000.028: require('bufferline.custom_area')
171.806  001.609: first screen update
171.809  000.002: --- NVIM STARTED ---


times in msec
 clock   self+sourced   self:  sourced script
 clock   elapsed:              other lines

000.006  000.006: --- NVIM STARTING ---
000.067  000.061: event init
000.141  000.073: early init
000.172  000.031: locale set
000.212  000.040: init first window
000.448  000.236: inits 1
000.453  000.005: window checked
000.502  000.049: parsing arguments
000.853  000.036  000.036: require('vim.shared')
000.934  000.032  000.032: require('vim._meta')
000.935  000.079  000.047: require('vim._editor')
000.936  000.166  000.051: require('vim._init_packages')
000.937  000.269: init lua interpreter
001.470  000.533: expanding arguments
001.515  000.044: inits 2
001.813  000.298: init highlight
